\BOOKMARK [1][-]{section.1}{\376\377\000P\000r\000o\000b\000l\000e\000m\000\040\0001\000:\000\040\000M\000i\000n\000i\000m\000a\000x\000\040\000o\000p\000t\000i\000m\000i\000z\000a\000t\000i\000o\000n}{}% 1
\BOOKMARK [2][-]{subsection.1.1}{\376\377\000S\000a\000d\000d\000l\000e\000\040\000p\000o\000i\000n\000t}{section.1}% 2
\BOOKMARK [2][-]{subsection.1.2}{\376\377\000G\000r\000a\000d\000i\000e\000n\000t\000\040\000d\000e\000s\000c\000e\000n\000t\000/\000a\000s\000c\000e\000n\000t\000\040\000u\000p\000d\000a\000t\000e\000\040\000r\000u\000l\000e\000s}{section.1}% 3
\BOOKMARK [2][-]{subsection.1.3}{\376\377\000C\000o\000n\000v\000e\000r\000g\000e\000n\000c\000e\000\040\000o\000f\000\040\000t\000h\000e\000\040\000u\000p\000d\000a\000t\000e\000\040\000r\000u\000l\000e\000s}{section.1}% 4
\BOOKMARK [2][-]{subsection.1.4}{\376\377\000R\000e\000g\000u\000l\000a\000r\000\040\000g\000r\000a\000d\000i\000e\000n\000t\000\040\000d\000e\000s\000c\000e\000n\000t\000\040\000o\000n\000\040\000b\000o\000t\000h\000\040\000v\000a\000r\000i\000a\000b\000l\000e\000s}{section.1}% 5
\BOOKMARK [1][-]{section.2}{\376\377\000V\000i\000s\000i\000o\000n\000-\000L\000a\000n\000g\000u\000a\000g\000e\000\040\000m\000o\000d\000e\000l\000s}{}% 6
\BOOKMARK [2][-]{subsection.2.1}{\376\377\000R\000a\000t\000i\000o\000n\000a\000l\000e}{section.2}% 7
\BOOKMARK [2][-]{subsection.2.2}{\376\377\000I\000m\000p\000l\000e\000m\000e\000n\000t\000a\000t\000i\000o\000n\000\040\000C\000h\000a\000n\000g\000e\000s}{section.2}% 8
\BOOKMARK [2][-]{subsection.2.3}{\376\377\000I\000n\000f\000e\000r\000e\000n\000c\000e\000\040\000E\000x\000a\000m\000p\000l\000e\000s}{section.2}% 9
\BOOKMARK [3][-]{subsubsection.2.3.1}{\376\377\000P\000r\000o\000m\000p\000t\000:\000\040\000`\000`\000A\000\040\000c\000a\000t\000\040\000s\000i\000t\000t\000i\000n\000g\000\040\000w\000i\000t\000h\000\040\000a\000\040\000h\000u\000m\000a\000n\000'\000'}{subsection.2.3}% 10
\BOOKMARK [3][-]{subsubsection.2.3.2}{\376\377\000P\000r\000o\000m\000p\000t\000:\000\040\000`\000`\000A\000\040\000c\000r\000o\000w\000d\000\040\000g\000a\000t\000h\000e\000r\000e\000d\000\040\000i\000n\000\040\000a\000\040\000p\000a\000r\000k\000'\000'}{subsection.2.3}% 11
\BOOKMARK [3][-]{subsubsection.2.3.3}{\376\377\000P\000r\000o\000m\000p\000t\000:\000\040\000`\000`\000A\000\040\000d\000o\000g\000\040\000s\000i\000t\000t\000i\000n\000g\000\040\000a\000l\000o\000n\000e\000\040\000i\000n\000\040\000a\000\040\000p\000a\000r\000k\000'\000'}{subsection.2.3}% 12
\BOOKMARK [3][-]{subsubsection.2.3.4}{\376\377\000P\000r\000o\000m\000p\000t\000:\000\040\000`\000`\000A\000\040\000m\000a\000n\000\040\000s\000k\000a\000t\000e\000b\000o\000a\000r\000d\000i\000n\000g\000\040\000i\000n\000\040\000t\000h\000e\000\040\000c\000i\000t\000y\000'\000'}{subsection.2.3}% 13
\BOOKMARK [3][-]{subsubsection.2.3.5}{\376\377\000P\000r\000o\000m\000p\000t\000:\000\040\000`\000`\000A\000l\000l\000\040\000k\000i\000n\000d\000s\000\040\000o\000f\000\040\000f\000o\000o\000d\000\040\000o\000n\000\040\000a\000\040\000t\000a\000b\000l\000e\000'\000'}{subsection.2.3}% 14
\BOOKMARK [2][-]{subsection.2.4}{\376\377\000E\000v\000a\000l\000u\000a\000t\000i\000o\000n}{section.2}% 15
\BOOKMARK [3][-]{subsubsection.2.4.1}{\376\377\000P\000r\000o\000m\000p\000t\000:\000\040\000`\000`\000A\000\040\000c\000a\000t\000\040\000s\000i\000t\000t\000i\000n\000g\000\040\000w\000i\000t\000h\000\040\000a\000\040\000h\000u\000m\000a\000n\000'\000'}{subsection.2.4}% 16
\BOOKMARK [3][-]{subsubsection.2.4.2}{\376\377\000P\000r\000o\000m\000p\000t\000:\000\040\000`\000`\000A\000\040\000c\000r\000o\000w\000d\000\040\000g\000a\000t\000h\000e\000r\000e\000d\000\040\000i\000n\000\040\000a\000\040\000p\000a\000r\000k\000'\000'}{subsection.2.4}% 17
\BOOKMARK [3][-]{subsubsection.2.4.3}{\376\377\000P\000r\000o\000m\000p\000t\000:\000\040\000`\000`\000A\000\040\000d\000o\000g\000\040\000s\000i\000t\000t\000i\000n\000g\000\040\000a\000l\000o\000n\000e\000\040\000i\000n\000\040\000a\000\040\000p\000a\000r\000k\000'\000'}{subsection.2.4}% 18
\BOOKMARK [3][-]{subsubsection.2.4.4}{\376\377\000P\000r\000o\000m\000p\000t\000:\000\040\000`\000`\000A\000\040\000m\000a\000n\000\040\000s\000k\000a\000t\000e\000b\000o\000a\000r\000d\000i\000n\000g\000\040\000i\000n\000\040\000t\000h\000e\000\040\000c\000i\000t\000y\000'\000'}{subsection.2.4}% 19
\BOOKMARK [3][-]{subsubsection.2.4.5}{\376\377\000P\000r\000o\000m\000p\000t\000:\000\040\000`\000`\000A\000l\000l\000\040\000k\000i\000n\000d\000s\000\040\000o\000f\000\040\000f\000o\000o\000d\000\040\000o\000n\000\040\000a\000\040\000t\000a\000b\000l\000e\000'\000'}{subsection.2.4}% 20
\BOOKMARK [2][-]{subsection.2.5}{\376\377\000F\000i\000n\000a\000l\000\040\000O\000b\000s\000e\000r\000v\000a\000t\000i\000o\000n\000s}{section.2}% 21
\BOOKMARK [2][-]{subsection.2.6}{\376\377\000I\000m\000p\000a\000c\000t\000\040\000o\000f\000\040\000S\000c\000a\000l\000i\000n\000g}{section.2}% 22
