This is pdfTeX, Version 3.141592653-2.6-1.40.26 (MiKTeX 24.4) (preloaded format=pdflatex 2024.10.13)  4 MAY 2025 02:18
entering extended mode
 restricted \write18 enabled.
 file:line:error style messages enabled.
 %&-line parsing enabled.
**"c:/Users/saadh/OneDrive/Desktop/Masters/Deep Learning/HW3/HW3.tex"
(c:/Users/saadh/OneDrive/Desktop/Masters/Deep Learning/HW3/HW3.tex
LaTeX2e <2024-06-01> patch level 2
L3 programming layer <2024-08-30>
(C:\Users\saadh\AppData\Local\Programs\MiKTeX\tex/latex/base\article.cls
Document Class: article 2024/02/08 v1.4n Standard LaTeX document class
(C:\Users\saadh\AppData\Local\Programs\MiKTeX\tex/latex/base\size11.clo
File: size11.clo 2024/02/08 v1.4n Standard LaTeX file (size option)
)
\c@part=\count194
\c@section=\count195
\c@subsection=\count196
\c@subsubsection=\count197
\c@paragraph=\count198
\c@subparagraph=\count199
\c@figure=\count266
\c@table=\count267
\abovecaptionskip=\skip49
\belowcaptionskip=\skip50
\bibindent=\dimen141
) (C:\Users\saadh\AppData\Local\Programs\MiKTeX\tex/latex/amsmath\amsmath.sty
Package: amsmath 2024/05/23 v2.17q AMS math features
\@mathmargin=\skip51

For additional information on amsmath, use the `?' option.
(C:\Users\saadh\AppData\Local\Programs\MiKTeX\tex/latex/amsmath\amstext.sty
Package: amstext 2021/08/26 v2.01 AMS text
 (C:\Users\saadh\AppData\Local\Programs\MiKTeX\tex/latex/amsmath\amsgen.sty
File: amsgen.sty 1999/11/30 v2.0 generic functions
\@emptytoks=\toks17
\ex@=\dimen142
)) (C:\Users\saadh\AppData\Local\Programs\MiKTeX\tex/latex/amsmath\amsbsy.sty
Package: amsbsy 1999/11/29 v1.2d Bold Symbols
\pmbraise@=\dimen143
) (C:\Users\saadh\AppData\Local\Programs\MiKTeX\tex/latex/amsmath\amsopn.sty
Package: amsopn 2022/04/08 v2.04 operator names
)
\inf@bad=\count268
LaTeX Info: Redefining \frac on input line 233.
\uproot@=\count269
\leftroot@=\count270
LaTeX Info: Redefining \overline on input line 398.
LaTeX Info: Redefining \colon on input line 409.
\classnum@=\count271
\DOTSCASE@=\count272
LaTeX Info: Redefining \ldots on input line 495.
LaTeX Info: Redefining \dots on input line 498.
LaTeX Info: Redefining \cdots on input line 619.
\Mathstrutbox@=\box52
\strutbox@=\box53
LaTeX Info: Redefining \big on input line 721.
LaTeX Info: Redefining \Big on input line 722.
LaTeX Info: Redefining \bigg on input line 723.
LaTeX Info: Redefining \Bigg on input line 724.
\big@size=\dimen144
LaTeX Font Info:    Redeclaring font encoding OML on input line 742.
LaTeX Font Info:    Redeclaring font encoding OMS on input line 743.
\macc@depth=\count273
LaTeX Info: Redefining \bmod on input line 904.
LaTeX Info: Redefining \pmod on input line 909.
LaTeX Info: Redefining \smash on input line 939.
LaTeX Info: Redefining \relbar on input line 969.
LaTeX Info: Redefining \Relbar on input line 970.
\c@MaxMatrixCols=\count274
\dotsspace@=\muskip17
\c@parentequation=\count275
\dspbrk@lvl=\count276
\tag@help=\toks18
\row@=\count277
\column@=\count278
\maxfields@=\count279
\andhelp@=\toks19
\eqnshift@=\dimen145
\alignsep@=\dimen146
\tagshift@=\dimen147
\tagwidth@=\dimen148
\totwidth@=\dimen149
\lineht@=\dimen150
\@envbody=\toks20
\multlinegap=\skip52
\multlinetaggap=\skip53
\mathdisplay@stack=\toks21
LaTeX Info: Redefining \[ on input line 2953.
LaTeX Info: Redefining \] on input line 2954.
) (C:\Users\saadh\AppData\Local\Programs\MiKTeX\tex/latex/hyperref\hyperref.sty
Package: hyperref 2024-07-10 v7.01j Hypertext links for LaTeX
 (C:\Users\saadh\AppData\Local\Programs\MiKTeX\tex/generic/iftex\iftex.sty
Package: iftex 2022/02/03 v1.0f TeX engine tests
) (C:\Users\saadh\AppData\Local\Programs\MiKTeX\tex/latex/graphics\keyval.sty
Package: keyval 2022/05/29 v1.15 key=value parser (DPC)
\KV@toks@=\toks22
) (C:\Users\saadh\AppData\Local\Programs\MiKTeX\tex/latex/kvsetkeys\kvsetkeys.sty
Package: kvsetkeys 2022-10-05 v1.19 Key value parser (HO)
) (C:\Users\saadh\AppData\Local\Programs\MiKTeX\tex/generic/kvdefinekeys\kvdefinekeys.sty
Package: kvdefinekeys 2019-12-19 v1.6 Define keys (HO)
) (C:\Users\saadh\AppData\Local\Programs\MiKTeX\tex/generic/pdfescape\pdfescape.sty
Package: pdfescape 2019/12/09 v1.15 Implements pdfTeX's escape features (HO)
 (C:\Users\saadh\AppData\Local\Programs\MiKTeX\tex/generic/ltxcmds\ltxcmds.sty
Package: ltxcmds 2023-12-04 v1.26 LaTeX kernel commands for general use (HO)
) (C:\Users\saadh\AppData\Local\Programs\MiKTeX\tex/generic/pdftexcmds\pdftexcmds.sty
Package: pdftexcmds 2020-06-27 v0.33 Utility functions of pdfTeX for LuaTeX (HO)
 (C:\Users\saadh\AppData\Local\Programs\MiKTeX\tex/generic/infwarerr\infwarerr.sty
Package: infwarerr 2019/12/03 v1.5 Providing info/warning/error messages (HO)
)
Package pdftexcmds Info: \pdf@primitive is available.
Package pdftexcmds Info: \pdf@ifprimitive is available.
Package pdftexcmds Info: \pdfdraftmode found.
)) (C:\Users\saadh\AppData\Local\Programs\MiKTeX\tex/latex/hycolor\hycolor.sty
Package: hycolor 2020-01-27 v1.10 Color options for hyperref/bookmark (HO)
) (C:\Users\saadh\AppData\Local\Programs\MiKTeX\tex/latex/hyperref\nameref.sty
Package: nameref 2023-11-26 v2.56 Cross-referencing by name of section
 (C:\Users\saadh\AppData\Local\Programs\MiKTeX\tex/latex/refcount\refcount.sty
Package: refcount 2019/12/15 v3.6 Data extraction from label references (HO)
) (C:\Users\saadh\AppData\Local\Programs\MiKTeX\tex/generic/gettitlestring\gettitlestring.sty
Package: gettitlestring 2019/12/15 v1.6 Cleanup title references (HO)
 (C:\Users\saadh\AppData\Local\Programs\MiKTeX\tex/latex/kvoptions\kvoptions.sty
Package: kvoptions 2022-06-15 v3.15 Key value format for package options (HO)
))
\c@section@level=\count280
) (C:\Users\saadh\AppData\Local\Programs\MiKTeX\tex/latex/etoolbox\etoolbox.sty
Package: etoolbox 2020/10/05 v2.5k e-TeX tools for LaTeX (JAW)
\etb@tempcnta=\count281
) (C:\Users\saadh\AppData\Local\Programs\MiKTeX\tex/generic/stringenc\stringenc.sty
Package: stringenc 2019/11/29 v1.12 Convert strings between diff. encodings (HO)
)
\@linkdim=\dimen151
\Hy@linkcounter=\count282
\Hy@pagecounter=\count283
 (C:\Users\saadh\AppData\Local\Programs\MiKTeX\tex/latex/hyperref\pd1enc.def
File: pd1enc.def 2024-07-10 v7.01j Hyperref: PDFDocEncoding definition (HO)
Now handling font encoding PD1 ...
... no UTF-8 mapping file for font encoding PD1
) (C:\Users\saadh\AppData\Local\Programs\MiKTeX\tex/generic/intcalc\intcalc.sty
Package: intcalc 2019/12/15 v1.3 Expandable calculations with integers (HO)
)
\Hy@SavedSpaceFactor=\count284
 (C:\Users\saadh\AppData\Local\Programs\MiKTeX\tex/latex/hyperref\puenc.def
File: puenc.def 2024-07-10 v7.01j Hyperref: PDF Unicode definition (HO)
Now handling font encoding PU ...
... no UTF-8 mapping file for font encoding PU
)
Package hyperref Info: Hyper figures OFF on input line 4157.
Package hyperref Info: Link nesting OFF on input line 4162.
Package hyperref Info: Hyper index ON on input line 4165.
Package hyperref Info: Plain pages OFF on input line 4172.
Package hyperref Info: Backreferencing OFF on input line 4177.
Package hyperref Info: Implicit mode ON; LaTeX internals redefined.
Package hyperref Info: Bookmarks ON on input line 4424.
\c@Hy@tempcnt=\count285
 (C:\Users\saadh\AppData\Local\Programs\MiKTeX\tex/latex/url\url.sty
\Urlmuskip=\muskip18
Package: url 2013/09/16  ver 3.4  Verb mode for urls, etc.
)
LaTeX Info: Redefining \url on input line 4763.
\XeTeXLinkMargin=\dimen152
 (C:\Users\saadh\AppData\Local\Programs\MiKTeX\tex/generic/bitset\bitset.sty
Package: bitset 2019/12/09 v1.3 Handle bit-vector datatype (HO)
 (C:\Users\saadh\AppData\Local\Programs\MiKTeX\tex/generic/bigintcalc\bigintcalc.sty
Package: bigintcalc 2019/12/15 v1.5 Expandable calculations on big integers (HO)
))
\Fld@menulength=\count286
\Field@Width=\dimen153
\Fld@charsize=\dimen154
Package hyperref Info: Hyper figures OFF on input line 6042.
Package hyperref Info: Link nesting OFF on input line 6047.
Package hyperref Info: Hyper index ON on input line 6050.
Package hyperref Info: backreferencing OFF on input line 6057.
Package hyperref Info: Link coloring OFF on input line 6062.
Package hyperref Info: Link coloring with OCG OFF on input line 6067.
Package hyperref Info: PDF/A mode OFF on input line 6072.
 (C:\Users\saadh\AppData\Local\Programs\MiKTeX\tex/latex/base\atbegshi-ltx.sty
Package: atbegshi-ltx 2021/01/10 v1.0c Emulation of the original atbegshi
package with kernel methods
)
\Hy@abspage=\count287
\c@Item=\count288
\c@Hfootnote=\count289
)
Package hyperref Info: Driver (autodetected): hpdftex.
 (C:\Users\saadh\AppData\Local\Programs\MiKTeX\tex/latex/hyperref\hpdftex.def
File: hpdftex.def 2024-07-10 v7.01j Hyperref driver for pdfTeX
 (C:\Users\saadh\AppData\Local\Programs\MiKTeX\tex/latex/base\atveryend-ltx.sty
Package: atveryend-ltx 2020/08/19 v1.0a Emulation of the original atveryend package
with kernel methods
)
\Fld@listcount=\count290
\c@bookmark@seq@number=\count291
 (C:\Users\saadh\AppData\Local\Programs\MiKTeX\tex/latex/rerunfilecheck\rerunfilecheck.sty
Package: rerunfilecheck 2022-07-10 v1.10 Rerun checks for auxiliary files (HO)
 (C:\Users\saadh\AppData\Local\Programs\MiKTeX\tex/generic/uniquecounter\uniquecounter.sty
Package: uniquecounter 2019/12/15 v1.4 Provide unlimited unique counter (HO)
)
Package uniquecounter Info: New unique counter `rerunfilecheck' on input line 285.
)
\Hy@SectionHShift=\skip54
) (C:\Users\saadh\AppData\Local\Programs\MiKTeX\tex/latex/listings\listings.sty
\lst@mode=\count292
\lst@gtempboxa=\box54
\lst@token=\toks23
\lst@length=\count293
\lst@currlwidth=\dimen155
\lst@column=\count294
\lst@pos=\count295
\lst@lostspace=\dimen156
\lst@width=\dimen157
\lst@newlines=\count296
\lst@lineno=\count297
\lst@maxwidth=\dimen158
 (C:\Users\saadh\AppData\Local\Programs\MiKTeX\tex/latex/listings\lstpatch.sty
File: lstpatch.sty 2024/05/25 1.10b (Carsten Heinz)
) (C:\Users\saadh\AppData\Local\Programs\MiKTeX\tex/latex/listings\lstmisc.sty
File: lstmisc.sty 2024/05/25 1.10b (Carsten Heinz)
\c@lstnumber=\count298
\lst@skipnumbers=\count299
\lst@framebox=\box55
) (C:\Users\saadh\AppData\Local\Programs\MiKTeX\tex/latex/listings\listings.cfg
File: listings.cfg 2024/05/25 1.10b listings configuration
))
Package: listings 2024/05/25 1.10b (Carsten Heinz)
 (C:\Users\saadh\AppData\Local\Programs\MiKTeX\tex/latex/xcolor\xcolor.sty
Package: xcolor 2023/11/15 v3.01 LaTeX color extensions (UK)
 (C:\Users\saadh\AppData\Local\Programs\MiKTeX\tex/latex/graphics-cfg\color.cfg
File: color.cfg 2016/01/02 v1.6 sample color configuration
)
Package xcolor Info: Driver file: pdftex.def on input line 274.
 (C:\Users\saadh\AppData\Local\Programs\MiKTeX\tex/latex/graphics-def\pdftex.def
File: pdftex.def 2024/04/13 v1.2c Graphics/color driver for pdftex
) (C:\Users\saadh\AppData\Local\Programs\MiKTeX\tex/latex/graphics\mathcolor.ltx)
Package xcolor Info: Model `cmy' substituted by `cmy0' on input line 1350.
Package xcolor Info: Model `hsb' substituted by `rgb' on input line 1354.
Package xcolor Info: Model `RGB' extended on input line 1366.
Package xcolor Info: Model `HTML' substituted by `rgb' on input line 1368.
Package xcolor Info: Model `Hsb' substituted by `hsb' on input line 1369.
Package xcolor Info: Model `tHsb' substituted by `hsb' on input line 1370.
Package xcolor Info: Model `HSB' substituted by `hsb' on input line 1371.
Package xcolor Info: Model `Gray' substituted by `gray' on input line 1372.
Package xcolor Info: Model `wave' substituted by `hsb' on input line 1373.
) (C:\Users\saadh\AppData\Local\Programs\MiKTeX\tex/latex/pdfpages\pdfpages.sty
Package: pdfpages 2025/01/30 v0.6e Insert pages of external PDF documents (AM)
 (C:\Users\saadh\AppData\Local\Programs\MiKTeX\tex/latex/base\ifthen.sty
Package: ifthen 2024/03/16 v1.1e Standard LaTeX ifthen package (DPC)
) (C:\Users\saadh\AppData\Local\Programs\MiKTeX\tex/latex/tools\calc.sty
Package: calc 2023/07/08 v4.3 Infix arithmetic (KKT,FJ)
\calc@Acount=\count300
\calc@Bcount=\count301
\calc@Adimen=\dimen159
\calc@Bdimen=\dimen160
\calc@Askip=\skip55
\calc@Bskip=\skip56
LaTeX Info: Redefining \setlength on input line 80.
LaTeX Info: Redefining \addtolength on input line 81.
\calc@Ccount=\count302
\calc@Cskip=\skip57
) (C:\Users\saadh\AppData\Local\Programs\MiKTeX\tex/latex/eso-pic\eso-pic.sty
Package: eso-pic 2023/05/03 v3.0c eso-pic (RN)
\ESO@tempdima=\dimen161
\ESO@tempdimb=\dimen162
) (C:\Users\saadh\AppData\Local\Programs\MiKTeX\tex/latex/graphics\graphicx.sty
Package: graphicx 2021/09/16 v1.2d Enhanced LaTeX Graphics (DPC,SPQR)
 (C:\Users\saadh\AppData\Local\Programs\MiKTeX\tex/latex/graphics\graphics.sty
Package: graphics 2024/05/23 v1.4g Standard LaTeX Graphics (DPC,SPQR)
 (C:\Users\saadh\AppData\Local\Programs\MiKTeX\tex/latex/graphics\trig.sty
Package: trig 2023/12/02 v1.11 sin cos tan (DPC)
) (C:\Users\saadh\AppData\Local\Programs\MiKTeX\tex/latex/graphics-cfg\graphics.cfg
File: graphics.cfg 2016/06/04 v1.11 sample graphics configuration
)
Package graphics Info: Driver file: pdftex.def on input line 106.
)
\Gin@req@height=\dimen163
\Gin@req@width=\dimen164
)
\AM@pagewidth=\dimen165
\AM@pageheight=\dimen166
\AM@fboxrule=\dimen167
 (C:\Users\saadh\AppData\Local\Programs\MiKTeX\tex/latex/pdfpages\pppdftex.def
File: pppdftex.def 2025/01/30 v0.6e Pdfpages driver for pdfTeX (AM)
)
\pdfpages@includegraphics@status=\count303
\AM@pagebox=\box56
\AM@global@opts=\toks24
\AM@pagecnt=\count304
\AM@toc@title=\toks25
\AM@lof@heading=\toks26
\c@AM@survey=\count305
\AM@templatesizebox=\box57
) (C:\Users\saadh\AppData\Local\Programs\MiKTeX\tex/latex/caption\subcaption.sty
Package: subcaption 2023/07/28 v1.6b Sub-captions (AR)
 (C:\Users\saadh\AppData\Local\Programs\MiKTeX\tex/latex/caption\caption.sty
Package: caption 2023/08/05 v3.6o Customizing captions (AR)
 (C:\Users\saadh\AppData\Local\Programs\MiKTeX\tex/latex/caption\caption3.sty
Package: caption3 2023/07/31 v2.4d caption3 kernel (AR)
\caption@tempdima=\dimen168
\captionmargin=\dimen169
\caption@leftmargin=\dimen170
\caption@rightmargin=\dimen171
\caption@width=\dimen172
\caption@indent=\dimen173
\caption@parindent=\dimen174
\caption@hangindent=\dimen175
Package caption Info: Standard document class detected.
)
\c@caption@flags=\count306
\c@continuedfloat=\count307
Package caption Info: hyperref package is loaded.
Package caption Info: listings package is loaded.
)
Package caption Info: New subtype `subfigure' on input line 238.
\c@subfigure=\count308
Package caption Info: New subtype `subtable' on input line 238.
\c@subtable=\count309
) (C:\Users\saadh\AppData\Local\Programs\MiKTeX\tex/latex/float\float.sty
Package: float 2001/11/08 v1.3d Float enhancements (AL)
\c@float@type=\count310
\float@exts=\toks27
\float@box=\box58
\@float@everytoks=\toks28
\@floatcapt=\box59
) (C:\Users\saadh\AppData\Local\Programs\MiKTeX\tex/latex/l3backend\l3backend-pdftex.def
File: l3backend-pdftex.def 2024-05-08 L3 backend support: PDF output (pdfTeX)
\l__color_backend_stack_int=\count311
\l__pdf_internal_box=\box60
) (HW3.aux

LaTeX Warning: Label `lst:config' multiply defined.


LaTeX Warning: Label `lst:config' multiply defined.


LaTeX Warning: Label `lst:config' multiply defined.


LaTeX Warning: Label `lst:config' multiply defined.

)
\openout1 = `HW3.aux'.

LaTeX Font Info:    Checking defaults for OML/cmm/m/it on input line 53.
LaTeX Font Info:    ... okay on input line 53.
LaTeX Font Info:    Checking defaults for OMS/cmsy/m/n on input line 53.
LaTeX Font Info:    ... okay on input line 53.
LaTeX Font Info:    Checking defaults for OT1/cmr/m/n on input line 53.
LaTeX Font Info:    ... okay on input line 53.
LaTeX Font Info:    Checking defaults for T1/cmr/m/n on input line 53.
LaTeX Font Info:    ... okay on input line 53.
LaTeX Font Info:    Checking defaults for TS1/cmr/m/n on input line 53.
LaTeX Font Info:    ... okay on input line 53.
LaTeX Font Info:    Checking defaults for OMX/cmex/m/n on input line 53.
LaTeX Font Info:    ... okay on input line 53.
LaTeX Font Info:    Checking defaults for U/cmr/m/n on input line 53.
LaTeX Font Info:    ... okay on input line 53.
LaTeX Font Info:    Checking defaults for PD1/pdf/m/n on input line 53.
LaTeX Font Info:    ... okay on input line 53.
LaTeX Font Info:    Checking defaults for PU/pdf/m/n on input line 53.
LaTeX Font Info:    ... okay on input line 53.
Package hyperref Info: Link coloring OFF on input line 53.
 (HW3.out) (HW3.out)
\@outlinefile=\write3
\openout3 = `HW3.out'.

\c@lstlisting=\count312
 (C:\Users\saadh\AppData\Local\Programs\MiKTeX\tex/context/base/mkii\supp-pdf.mkii
[Loading MPS to PDF converter (version 2006.09.02).]
\scratchcounter=\count313
\scratchdimen=\dimen176
\scratchbox=\box61
\nofMPsegments=\count314
\nofMParguments=\count315
\everyMPshowfont=\toks29
\MPscratchCnt=\count316
\MPscratchDim=\dimen177
\MPnumerator=\count317
\makeMPintoPDFobject=\count318
\everyMPtoPDFconversion=\toks30
) (C:\Users\saadh\AppData\Local\Programs\MiKTeX\tex/latex/epstopdf-pkg\epstopdf-base.sty
Package: epstopdf-base 2020-01-24 v2.11 Base part for package epstopdf
Package epstopdf-base Info: Redefining graphics rule for `.eps' on input line 485.
 (C:\Users\saadh\AppData\Local\Programs\MiKTeX\tex/latex/00miktex\epstopdf-sys.cfg
File: epstopdf-sys.cfg 2021/03/18 v2.0 Configuration of epstopdf for MiKTeX
)) (C:\Users\saadh\AppData\Local\Programs\MiKTeX\tex/latex/pdflscape\pdflscape.sty
Package: pdflscape 2022-10-27 v0.13 Display of landscape pages in PDF
 (C:\Users\saadh\AppData\Local\Programs\MiKTeX\tex/latex/pdflscape\pdflscape-nometadata.sty
Package: pdflscape-nometadata 2022-10-28 v0.13 Display of landscape pages in PDF (HO)
 (C:\Users\saadh\AppData\Local\Programs\MiKTeX\tex/latex/graphics\lscape.sty
Package: lscape 2020/05/28 v3.02 Landscape Pages (DPC)
)
Package pdflscape Info: Auto-detected driver: pdftex on input line 81.
))
Package caption Info: Begin \AtBeginDocument code.
Package caption Info: float package is loaded.
Package caption Info: End \AtBeginDocument code.


[1

{C:/Users/saadh/AppData/Local/MiKTeX/fonts/map/pdftex/pdftex.map}] (HW3.toc)
\tf@toc=\write4
\openout4 = `HW3.toc'.



[2]
<Q1/plot.png, id=169, 462.528pt x 346.896pt>
File: Q1/plot.png Graphic file (type png)
<use Q1/plot.png>
Package pdftex.def Info: Q1/plot.png  used on input line 72.
(pdftex.def)             Requested size: 231.26343pt x 173.44757pt.


[3 <./Q1/plot.png>]

[4]

[5{C:/Users/saadh/AppData/Local/Programs/MiKTeX/fonts/enc/dvips/cm-super/cm-super-ts1.enc}]

[6]
<Q2/A cat sitting with a human/1.png, id=200, 573.8238pt x 570.933pt>
File: Q2/A cat sitting with a human/1.png Graphic file (type png)
<use Q2/A cat sitting with a human/1.png>
Package pdftex.def Info: Q2/A cat sitting with a human/1.png  used on input line 298.
(pdftex.def)             Requested size: 140.92792pt x 140.21521pt.
<Q2/A cat sitting with a human/2.png, id=201, 573.8238pt x 570.933pt>
File: Q2/A cat sitting with a human/2.png Graphic file (type png)
<use Q2/A cat sitting with a human/2.png>
Package pdftex.def Info: Q2/A cat sitting with a human/2.png  used on input line 303.
(pdftex.def)             Requested size: 140.92792pt x 140.21521pt.
<Q2/A cat sitting with a human/3.png, id=202, 573.8238pt x 570.933pt>
File: Q2/A cat sitting with a human/3.png Graphic file (type png)
<use Q2/A cat sitting with a human/3.png>
Package pdftex.def Info: Q2/A cat sitting with a human/3.png  used on input line 308.
(pdftex.def)             Requested size: 140.92792pt x 140.21521pt.
<Q2/A crowd gathered in a park/1.png, id=203, 573.8238pt x 533.3526pt>
File: Q2/A crowd gathered in a park/1.png Graphic file (type png)
<use Q2/A crowd gathered in a park/1.png>
Package pdftex.def Info: Q2/A crowd gathered in a park/1.png  used on input line 320.
(pdftex.def)             Requested size: 140.92792pt x 130.98584pt.
<Q2/A crowd gathered in a park/2.png, id=204, 573.8238pt x 543.4704pt>
File: Q2/A crowd gathered in a park/2.png Graphic file (type png)
<use Q2/A crowd gathered in a park/2.png>
Package pdftex.def Info: Q2/A crowd gathered in a park/2.png  used on input line 325.
(pdftex.def)             Requested size: 140.92792pt x 133.47067pt.
<Q2/A crowd gathered in a park/3.png, id=205, 573.8238pt x 550.6974pt>
File: Q2/A crowd gathered in a park/3.png Graphic file (type png)
<use Q2/A crowd gathered in a park/3.png>
Package pdftex.def Info: Q2/A crowd gathered in a park/3.png  used on input line 330.
(pdftex.def)             Requested size: 140.92792pt x 135.24556pt.
<Q2/A dog sitting alone in a park/1.png, id=206, 573.8238pt x 556.479pt>
File: Q2/A dog sitting alone in a park/1.png Graphic file (type png)
<use Q2/A dog sitting alone in a park/1.png>
Package pdftex.def Info: Q2/A dog sitting alone in a park/1.png  used on input line 342.
(pdftex.def)             Requested size: 140.92792pt x 136.66545pt.
<Q2/A dog sitting alone in a park/2.png, id=207, 573.8238pt x 554.3109pt>
File: Q2/A dog sitting alone in a park/2.png Graphic file (type png)
<use Q2/A dog sitting alone in a park/2.png>
Package pdftex.def Info: Q2/A dog sitting alone in a park/2.png  used on input line 347.
(pdftex.def)             Requested size: 140.92792pt x 136.133pt.
<Q2/A dog sitting alone in a park/3.png, id=208, 573.8238pt x 550.6974pt>
File: Q2/A dog sitting alone in a park/3.png Graphic file (type png)
<use Q2/A dog sitting alone in a park/3.png>
Package pdftex.def Info: Q2/A dog sitting alone in a park/3.png  used on input line 352.
(pdftex.def)             Requested size: 140.92792pt x 135.24556pt.


[7 <./Q2/A cat sitting with a human/1.png> <./Q2/A cat sitting with a human/2.png> <./Q2/A cat sitting with a human/3.png> <./Q2/A crowd gathered in a park/1.png> <./Q2/A crowd gathered in a park/2.png> <./Q2/A crowd gathered in a park/3.png>]
<Q2/A man skateboarding in the city/1.png, id=224, 546.3612pt x 570.933pt>
File: Q2/A man skateboarding in the city/1.png Graphic file (type png)
<use Q2/A man skateboarding in the city/1.png>
Package pdftex.def Info: Q2/A man skateboarding in the city/1.png  used on input line 364.
(pdftex.def)             Requested size: 140.92792pt x 147.26299pt.
<Q2/A man skateboarding in the city/2.png, id=225, 573.8238pt x 570.933pt>
File: Q2/A man skateboarding in the city/2.png Graphic file (type png)
<use Q2/A man skateboarding in the city/2.png>
Package pdftex.def Info: Q2/A man skateboarding in the city/2.png  used on input line 369.
(pdftex.def)             Requested size: 140.92792pt x 140.21521pt.
<Q2/A man skateboarding in the city/3.png, id=226, 573.8238pt x 570.933pt>
File: Q2/A man skateboarding in the city/3.png Graphic file (type png)
<use Q2/A man skateboarding in the city/3.png>
Package pdftex.def Info: Q2/A man skateboarding in the city/3.png  used on input line 374.
(pdftex.def)             Requested size: 140.92792pt x 140.21521pt.
<Q2/All kinds of food on a table/1.png, id=227, 573.8238pt x 549.9747pt>
File: Q2/All kinds of food on a table/1.png Graphic file (type png)
<use Q2/All kinds of food on a table/1.png>
Package pdftex.def Info: Q2/All kinds of food on a table/1.png  used on input line 386.
(pdftex.def)             Requested size: 140.92792pt x 135.06807pt.
<Q2/All kinds of food on a table/2.png, id=228, 573.8238pt x 534.798pt>
File: Q2/All kinds of food on a table/2.png Graphic file (type png)
<use Q2/All kinds of food on a table/2.png>
Package pdftex.def Info: Q2/All kinds of food on a table/2.png  used on input line 391.
(pdftex.def)             Requested size: 140.92792pt x 131.34082pt.
<Q2/All kinds of food on a table/3.png, id=229, 573.8238pt x 550.6974pt>
File: Q2/All kinds of food on a table/3.png Graphic file (type png)
<use Q2/All kinds of food on a table/3.png>
Package pdftex.def Info: Q2/All kinds of food on a table/3.png  used on input line 396.
(pdftex.def)             Requested size: 140.92792pt x 135.24556pt.


[8 <./Q2/A dog sitting alone in a park/1.png> <./Q2/A dog sitting alone in a park/2.png> <./Q2/A dog sitting alone in a park/3.png> <./Q2/A man skateboarding in the city/1.png> <./Q2/A man skateboarding in the city/2.png> <./Q2/A man skateboarding in the city/3.png> <./Q2/All kinds of food on a table/1.png> <./Q2/All kinds of food on a table/2.png> <./Q2/All kinds of food on a table/3.png>]

[9]

[10]

[11]
LaTeX Font Info:    Font shape `OT1/cmtt/bx/n' in size <10.95> not available
(Font)              Font shape `OT1/cmtt/m/n' tried instead on input line 482.
 (C:\Users\saadh\AppData\Local\Programs\MiKTeX\tex/latex/listings\lstlang1.sty
File: lstlang1.sty 2024/05/25 1.10b listings language file
)
Package hyperref Info: bookmark level for unknown lstlisting defaults to 0 on input line 486.
LaTeX Font Info:    Font shape `OT1/cmtt/bx/n' in size <10> not available
(Font)              Font shape `OT1/cmtt/m/n' tried instead on input line 508.

Overfull \hbox (15.34407pt too wide) in paragraph at lines 513--514
[][][][][][][][][][][][][][][][][][][][][][][][][][][][][][][][][][][][][][][][][][][][][][][][][][][][][][][][][][][][][][][][][][][][][][][][][] 
 []



[12]
LaTeX Font Info:    Font shape `OT1/cmtt/bx/n' in size <12> not available
(Font)              Font shape `OT1/cmtt/m/n' tried instead on input line 540.
LaTeX Font Info:    Font shape `OT1/cmtt/bx/n' in size <8> not available
(Font)              Font shape `OT1/cmtt/m/n' tried instead on input line 542.

Overfull \hbox (35.15619pt too wide) in paragraph at lines 567--568
[][][][][][][][][][][][][][][][][][][][][][][][][][][][][][][][] 
 []



[13]

[14]
Overfull \hbox (15.34407pt too wide) in paragraph at lines 640--642
[][][][][][][][][][][][][][][][][][][][][][][][][][][][][][][][][][][][][][][][][][][][][][][] 
 []


Overfull \hbox (21.64406pt too wide) in paragraph at lines 654--655
[][][][][][][][][][][][][][][][][][][][][][][][][][][][][][] 
 []


Overfull \hbox (27.94405pt too wide) in paragraph at lines 656--657
[][][][][][][][][][][][][][][][][][][][][][][][][][][][][][] 
 []


Overfull \hbox (242.14363pt too wide) in paragraph at lines 680--681
[][][][][][][][][][][][][][][][][][][][][][][][][][][][][][][][][] 
 []



[15]
Overfull \hbox (9.04408pt too wide) in paragraph at lines 693--694
[][][][][][][][][][][][][][][][][][][][][][][][][][][][][][][][] 
 []


Overfull \hbox (9.04408pt too wide) in paragraph at lines 695--696
[][][][][][][][][][][][][][][][][][][][][][][][][][][][][][][][][][] 
 []


Overfull \hbox (9.04408pt too wide) in paragraph at lines 698--700
[][][][][][][][][][][][][][][][][][][][][] 
 []


Overfull \hbox (72.04396pt too wide) in paragraph at lines 707--708
[][][][][][][][][][][][][][][][][][][][][][][][][][][][][][][][][][][][][][][][] 
 []


Overfull \hbox (103.5439pt too wide) in paragraph at lines 709--710
[][][][][][][][][][][][][][][][][][][][][][][][][][][][][][][][][][][][][][][][] 
 []



[16] (HW3.aux)
 ***********
LaTeX2e <2024-06-01> patch level 2
L3 programming layer <2024-08-30>
 ***********


LaTeX Warning: There were multiply-defined labels.

Package rerunfilecheck Info: File `HW3.out' has not changed.
(rerunfilecheck)             Checksum: 1BA9F70FE8219CE8485B8BED70BC8F8E;5985.
 ) 
Here is how much of TeX's memory you used:
 14359 strings out of 473899
 228142 string characters out of 5726499
 871720 words of memory out of 5000000
 36778 multiletter control sequences out of 15000+600000
 565459 words of font info for 63 fonts, out of 8000000 for 9000
 1141 hyphenation exceptions out of 8191
 75i,8n,79p,691b,2040s stack positions out of 10000i,1000n,20000p,200000b,200000s
<C:/Users/saadh/AppData/Local/Programs/MiKTeX/fonts/type1/public/amsfonts/cm/cmbx10.pfb><C:/Users/saadh/AppData/Local/Programs/MiKTeX/fonts/type1/public/amsfonts/cm/cmbx12.pfb><C:/Users/saadh/AppData/Local/Programs/MiKTeX/fonts/type1/public/amsfonts/cm/cmex10.pfb><C:/Users/saadh/AppData/Local/Programs/MiKTeX/fonts/type1/public/amsfonts/cm/cmmi10.pfb><C:/Users/saadh/AppData/Local/Programs/MiKTeX/fonts/type1/public/amsfonts/cm/cmmi8.pfb><C:/Users/saadh/AppData/Local/Programs/MiKTeX/fonts/type1/public/amsfonts/cm/cmr10.pfb><C:/Users/saadh/AppData/Local/Programs/MiKTeX/fonts/type1/public/amsfonts/cm/cmr12.pfb><C:/Users/saadh/AppData/Local/Programs/MiKTeX/fonts/type1/public/amsfonts/cm/cmr17.pfb><C:/Users/saadh/AppData/Local/Programs/MiKTeX/fonts/type1/public/amsfonts/cm/cmr6.pfb><C:/Users/saadh/AppData/Local/Programs/MiKTeX/fonts/type1/public/amsfonts/cm/cmr8.pfb><C:/Users/saadh/AppData/Local/Programs/MiKTeX/fonts/type1/public/amsfonts/cm/cmsy10.pfb><C:/Users/saadh/AppData/Local/Programs/MiKTeX/fonts/type1/public/amsfonts/cm/cmtt10.pfb><C:/Users/saadh/AppData/Local/Programs/MiKTeX/fonts/type1/public/amsfonts/cm/cmtt12.pfb><C:/Users/saadh/AppData/Local/Programs/MiKTeX/fonts/type1/public/amsfonts/cm/cmtt8.pfb><C:/Users/saadh/AppData/Local/Programs/MiKTeX/fonts/type1/public/cm-super/sfrm1095.pfb>
Output written on HW3.pdf (16 pages, 13384572 bytes).
PDF statistics:
 644 PDF objects out of 1000 (max. 8388607)
 295 named destinations out of 1000 (max. 500000)
 321 words of extra memory for PDF output out of 10000 (max. 10000000)

